Generated at 2017-01-28 16:13:04 -0800
SystemExit: exit
/opt/chefdk/embedded/lib/ruby/gems/2.1.0/gems/chef-12.5.1/lib/chef/application.rb:404:in `exit'
/opt/chefdk/embedded/lib/ruby/gems/2.1.0/gems/chef-12.5.1/lib/chef/application.rb:404:in `fatal!'
/opt/chefdk/embedded/lib/ruby/gems/2.1.0/gems/chef-12.5.1/lib/chef/application.rb:65:in `block in setup_signal_handlers'
/opt/chefdk/embedded/lib/ruby/gems/2.1.0/gems/ohai-8.7.0/lib/ohai/plugins/passwd.rb:26:in `call'
/opt/chefdk/embedded/lib/ruby/gems/2.1.0/gems/ohai-8.7.0/lib/ohai/plugins/passwd.rb:26:in `group'
/opt/chefdk/embedded/lib/ruby/gems/2.1.0/gems/ohai-8.7.0/lib/ohai/plugins/passwd.rb:26:in `block (2 levels) in <main>'
/opt/chefdk/embedded/lib/ruby/gems/2.1.0/gems/ohai-8.7.0/lib/ohai/dsl/plugin/versionvii.rb:90:in `instance_eval'
/opt/chefdk/embedded/lib/ruby/gems/2.1.0/gems/ohai-8.7.0/lib/ohai/dsl/plugin/versionvii.rb:90:in `run_plugin'
/opt/chefdk/embedded/lib/ruby/gems/2.1.0/gems/ohai-8.7.0/lib/ohai/dsl/plugin.rb:98:in `run'
/opt/chefdk/embedded/lib/ruby/gems/2.1.0/gems/ohai-8.7.0/lib/ohai/dsl/plugin.rb:169:in `safe_run'
/opt/chefdk/embedded/lib/ruby/gems/2.1.0/gems/ohai-8.7.0/lib/ohai/runner.rb:84:in `run_v7_plugin'
/opt/chefdk/embedded/lib/ruby/gems/2.1.0/gems/ohai-8.7.0/lib/ohai/runner.rb:43:in `run_plugin'
/opt/chefdk/embedded/lib/ruby/gems/2.1.0/gems/ohai-8.7.0/lib/ohai/system.rb:98:in `block in run_plugins'
/opt/chefdk/embedded/lib/ruby/gems/2.1.0/gems/ohai-8.7.0/lib/ohai/system.rb:97:in `each'
/opt/chefdk/embedded/lib/ruby/gems/2.1.0/gems/ohai-8.7.0/lib/ohai/system.rb:97:in `run_plugins'
/opt/chefdk/embedded/lib/ruby/gems/2.1.0/gems/ohai-8.7.0/lib/ohai/system.rb:75:in `all_plugins'
/opt/chefdk/embedded/lib/ruby/gems/2.1.0/gems/chef-12.5.1/lib/chef/client.rb:535:in `run_ohai'
/opt/chefdk/embedded/lib/ruby/gems/2.1.0/gems/chef-12.5.1/lib/chef/client.rb:251:in `run'
/opt/chefdk/embedded/lib/ruby/gems/2.1.0/gems/chef-12.5.1/lib/chef/application.rb:270:in `block in fork_chef_client'
/opt/chefdk/embedded/lib/ruby/gems/2.1.0/gems/chef-12.5.1/lib/chef/application.rb:258:in `fork'
/opt/chefdk/embedded/lib/ruby/gems/2.1.0/gems/chef-12.5.1/lib/chef/application.rb:258:in `fork_chef_client'
/opt/chefdk/embedded/lib/ruby/gems/2.1.0/gems/chef-12.5.1/lib/chef/application.rb:224:in `block in run_chef_client'
/opt/chefdk/embedded/lib/ruby/gems/2.1.0/gems/chef-12.5.1/lib/chef/local_mode.rb:44:in `with_server_connectivity'
/opt/chefdk/embedded/lib/ruby/gems/2.1.0/gems/chef-12.5.1/lib/chef/application.rb:212:in `run_chef_client'
/opt/chefdk/embedded/lib/ruby/gems/2.1.0/gems/chef-12.5.1/lib/chef/application/solo.rb:280:in `block in interval_run_chef_client'
/opt/chefdk/embedded/lib/ruby/gems/2.1.0/gems/chef-12.5.1/lib/chef/application/solo.rb:269:in `loop'
/opt/chefdk/embedded/lib/ruby/gems/2.1.0/gems/chef-12.5.1/lib/chef/application/solo.rb:269:in `interval_run_chef_client'
/opt/chefdk/embedded/lib/ruby/gems/2.1.0/gems/chef-12.5.1/lib/chef/application/solo.rb:247:in `run_application'
/opt/chefdk/embedded/lib/ruby/gems/2.1.0/gems/chef-12.5.1/lib/chef/application.rb:60:in `run'
/opt/chefdk/embedded/lib/ruby/gems/2.1.0/gems/chef-12.5.1/bin/chef-solo:25:in `<top (required)>'
/usr/local/bin/chef-solo:54:in `load'
/usr/local/bin/chef-solo:54:in `<main>'